{"/Users/wariza/apps/willycode/src/api/main.ts": {"path":"/Users/wariza/apps/willycode/src/api/main.ts","statementMap":{"0":{"start":{"line":1,"column":0},"end":{"line":1,"column":43}},"1":{"start":{"line":2,"column":0},"end":{"line":2,"column":45}},"2":{"start":{"line":5,"column":14},"end":{"line":5,"column":49}},"3":{"start":{"line":6,"column":2},"end":{"line":6,"column":25}},"4":{"start":{"line":8,"column":0},"end":{"line":8,"column":12}}},"fnMap":{"0":{"name":"bootstrap","decl":{"start":{"line":4,"column":15},"end":{"line":4,"column":24}},"loc":{"start":{"line":4,"column":24},"end":{"line":7,"column":1}}}},"branchMap":{},"s":{"0":0,"1":0,"2":0,"3":0,"4":0},"f":{"0":0},"b":{}}
,"/Users/wariza/apps/willycode/src/api/app/app.controller.ts": {"path":"/Users/wariza/apps/willycode/src/api/app/app.controller.ts","statementMap":{"0":{"start":{"line":1,"column":0},"end":{"line":1,"column":49}},"1":{"start":{"line":2,"column":0},"end":{"line":2,"column":43}},"2":{"start":{"line":5,"column":0},"end":{"line":12,"column":null}},"3":{"start":{"line":6,"column":31},"end":{"line":6,"column":43}},"4":{"start":{"line":10,"column":4},"end":{"line":10,"column":38}},"5":{"start":{"line":9,"column":2},"end":{"line":11,"column":null}},"6":{"start":{"line":5,"column":13},"end":{"line":12,"column":null}},"7":{"start":{"line":5,"column":13},"end":{"line":5,"column":26}}},"fnMap":{"0":{"name":"(anonymous_2)","decl":{"start":{"line":6,"column":2},"end":{"line":6,"column":31}},"loc":{"start":{"line":6,"column":53},"end":{"line":6,"column":57}}},"1":{"name":"(anonymous_3)","decl":{"start":{"line":9,"column":2},"end":{"line":9,"column":10}},"loc":{"start":{"line":9,"column":10},"end":{"line":11,"column":3}}}},"branchMap":{},"s":{"0":1,"1":1,"2":1,"3":1,"4":1,"5":1,"6":1,"7":1},"f":{"0":1,"1":1},"b":{}}
,"/Users/wariza/apps/willycode/src/api/app/app.module.ts": {"path":"/Users/wariza/apps/willycode/src/api/app/app.module.ts","statementMap":{"0":{"start":{"line":1,"column":0},"end":{"line":1,"column":40}},"1":{"start":{"line":2,"column":0},"end":{"line":2,"column":49}},"2":{"start":{"line":3,"column":0},"end":{"line":3,"column":43}},"3":{"start":{"line":10,"column":0},"end":{"line":10,"column":null}},"4":{"start":{"line":10,"column":13},"end":{"line":10,"column":null}},"5":{"start":{"line":10,"column":13},"end":{"line":10,"column":22}}},"fnMap":{},"branchMap":{},"s":{"0":0,"1":0,"2":0,"3":0,"4":0,"5":0},"f":{},"b":{}}
,"/Users/wariza/apps/willycode/src/api/app/app.service.ts": {"path":"/Users/wariza/apps/willycode/src/api/app/app.service.ts","statementMap":{"0":{"start":{"line":1,"column":0},"end":{"line":1,"column":44}},"1":{"start":{"line":4,"column":0},"end":{"line":8,"column":null}},"2":{"start":{"line":6,"column":4},"end":{"line":6,"column":26}},"3":{"start":{"line":4,"column":13},"end":{"line":8,"column":null}},"4":{"start":{"line":4,"column":13},"end":{"line":4,"column":23}}},"fnMap":{"0":{"name":"(anonymous_1)","decl":{"start":{"line":5,"column":2},"end":{"line":5,"column":10}},"loc":{"start":{"line":5,"column":10},"end":{"line":7,"column":3}}}},"branchMap":{},"s":{"0":1,"1":1,"2":1,"3":1,"4":1},"f":{"0":1},"b":{}}
,"/Users/wariza/apps/willycode/src/api/test/app.e2e-spec.ts": {"path":"/Users/wariza/apps/willycode/src/api/test/app.e2e-spec.ts","statementMap":{"0":{"start":{"line":1,"column":0},"end":{"line":1,"column":54}},"1":{"start":{"line":3,"column":0},"end":{"line":3,"column":37}},"2":{"start":{"line":4,"column":0},"end":{"line":4,"column":46}},"3":{"start":{"line":6,"column":0},"end":{"line":24,"column":3}},"4":{"start":{"line":9,"column":2},"end":{"line":16,"column":5}},"5":{"start":{"line":10,"column":41},"end":{"line":12,"column":16}},"6":{"start":{"line":14,"column":4},"end":{"line":14,"column":48}},"7":{"start":{"line":15,"column":4},"end":{"line":15,"column":21}},"8":{"start":{"line":18,"column":2},"end":{"line":23,"column":5}},"9":{"start":{"line":19,"column":4},"end":{"line":22,"column":30}}},"fnMap":{"0":{"name":"(anonymous_0)","decl":{"start":{"line":6,"column":32},"end":{"line":6,"column":35}},"loc":{"start":{"line":6,"column":37},"end":{"line":24,"column":1}}},"1":{"name":"(anonymous_1)","decl":{"start":{"line":9,"column":13},"end":{"line":9,"column":18}},"loc":{"start":{"line":9,"column":24},"end":{"line":16,"column":3}}},"2":{"name":"(anonymous_2)","decl":{"start":{"line":18,"column":16},"end":{"line":18,"column":19}},"loc":{"start":{"line":18,"column":21},"end":{"line":23,"column":3}}}},"branchMap":{},"s":{"0":0,"1":0,"2":0,"3":0,"4":0,"5":0,"6":0,"7":0,"8":0,"9":0},"f":{"0":0,"1":0,"2":0},"b":{}}
}
